Flow report for de1soc
Tue Feb 11 16:18:09 2020
Quartus Prime Version 18.0.0 Build 614 04/24/2018 SJ Standard Edition


---------------------
; Table of Contents ;
---------------------
  1. Legal Notice
  2. Flow Summary
  3. Flow Settings
  4. Flow Non-Default Global Settings
  5. Flow Elapsed Time
  6. Flow OS Summary
  7. Flow Log
  8. Flow Messages
  9. Flow Suppressed Messages



----------------
; Legal Notice ;
----------------
Copyright (C) 2018  Intel Corporation. All rights reserved.
Your use of Intel Corporation's design tools, logic functions 
and other software and tools, and its AMPP partner logic 
functions, and any output files from any of the foregoing 
(including device programming or simulation files), and any 
associated documentation or information are expressly subject 
to the terms and conditions of the Intel Program License 
Subscription Agreement, the Intel Quartus Prime License Agreement,
the Intel FPGA IP License Agreement, or other applicable license
agreement, including, without limitation, that your use is for
the sole purpose of programming logic devices manufactured by
Intel and sold by Intel or its authorized distributors.  Please
refer to the applicable agreement for further details.



+-----------------------------------------------------------------------------------+
; Flow Summary                                                                      ;
+---------------------------------+-------------------------------------------------+
; Flow Status                     ; Successful - Tue Feb 11 16:17:01 2020           ;
; Quartus Prime Version           ; 18.0.0 Build 614 04/24/2018 SJ Standard Edition ;
; Revision Name                   ; de1soc                                          ;
; Top-level Entity Name           ; de1soc_top                                      ;
; Family                          ; Cyclone V                                       ;
; Device                          ; 5CSEMA5F31C6                                    ;
; Timing Models                   ; Final                                           ;
; Logic utilization (in ALMs)     ; 1,726 / 32,070 ( 5 % )                          ;
; Total registers                 ; 2149                                            ;
; Total pins                      ; 96 / 457 ( 21 % )                               ;
; Total virtual pins              ; 0                                               ;
; Total block memory bits         ; 1,306,208 / 4,065,280 ( 32 % )                  ;
; Total DSP Blocks                ; 2 / 87 ( 2 % )                                  ;
; Total HSSI RX PCSs              ; 0                                               ;
; Total HSSI PMA RX Deserializers ; 0                                               ;
; Total HSSI TX PCSs              ; 0                                               ;
; Total HSSI PMA TX Serializers   ; 0                                               ;
; Total PLLs                      ; 1 / 6 ( 17 % )                                  ;
; Total DLLs                      ; 0 / 4 ( 0 % )                                   ;
+---------------------------------+-------------------------------------------------+


+-----------------------------------------+
; Flow Settings                           ;
+-------------------+---------------------+
; Option            ; Setting             ;
+-------------------+---------------------+
; Start date & time ; 02/11/2020 16:04:51 ;
; Main task         ; Compilation         ;
; Revision Name     ; de1soc              ;
+-------------------+---------------------+


+-------------------------------------------------------------------------------------------------------------------------------------------------+
; Flow Non-Default Global Settings                                                                                                                ;
+--------------------------------------+---------------------------------------------------------------+---------------+-------------+------------+
; Assignment Name                      ; Value                                                         ; Default Value ; Entity Name ; Section Id ;
+--------------------------------------+---------------------------------------------------------------+---------------+-------------+------------+
; COMPILER_SIGNATURE_ID                ; 167746773791241.158145509006820                               ; --            ; --          ; --         ;
; FITTER_EFFORT                        ; Standard Fit                                                  ; Auto Fit      ; --          ; --         ;
; MAX_CORE_JUNCTION_TEMP               ; 85                                                            ; --            ; --          ; --         ;
; MIN_CORE_JUNCTION_TEMP               ; 0                                                             ; --            ; --          ; --         ;
; MISC_FILE                            ; nios_system/synthesis/../nios_system.cmp                      ; --            ; --          ; --         ;
; MISC_FILE                            ; nios_system/synthesis/../../nios_system.qsys                  ; --            ; --          ; --         ;
; MUX_RESTRUCTURE                      ; Off                                                           ; Auto          ; --          ; --         ;
; OPTIMIZATION_MODE                    ; Aggressive Performance                                        ; Balanced      ; --          ; --         ;
; OPTIMIZATION_TECHNIQUE               ; Speed                                                         ; Balanced      ; --          ; --         ;
; PARTITION_COLOR                      ; -- (Not supported for targeted family)                        ; --            ; de1soc_top  ; Top        ;
; PARTITION_FITTER_PRESERVATION_LEVEL  ; -- (Not supported for targeted family)                        ; --            ; de1soc_top  ; Top        ;
; PARTITION_NETLIST_TYPE               ; -- (Not supported for targeted family)                        ; --            ; de1soc_top  ; Top        ;
; PHYSICAL_SYNTHESIS_COMBO_LOGIC       ; On                                                            ; Off           ; --          ; --         ;
; PHYSICAL_SYNTHESIS_REGISTER_RETIMING ; On                                                            ; Off           ; --          ; --         ;
; PLACEMENT_EFFORT_MULTIPLIER          ; 4.0                                                           ; 1.0           ; --          ; --         ;
; POWER_BOARD_THERMAL_MODEL            ; None (CONSERVATIVE)                                           ; --            ; --          ; --         ;
; POWER_PRESET_COOLING_SOLUTION        ; 23 MM HEAT SINK WITH 200 LFPM AIRFLOW                         ; --            ; --          ; --         ;
; PROJECT_OUTPUT_DIRECTORY             ; out                                                           ; --            ; --          ; --         ;
; ROUTER_TIMING_OPTIMIZATION_LEVEL     ; MAXIMUM                                                       ; Normal        ; --          ; --         ;
; SLD_FILE                             ; nios_system/synthesis/nios_system.regmap                      ; --            ; --          ; --         ;
; SLD_FILE                             ; nios_system/synthesis/nios_system.debuginfo                   ; --            ; --          ; --         ;
; SLD_INFO                             ; QSYS_NAME nios_system HAS_SOPCINFO 1 GENERATION_ID 1581455031 ; --            ; nios_system ; --         ;
; SOPCINFO_FILE                        ; nios_system/synthesis/../../nios_system.sopcinfo              ; --            ; --          ; --         ;
; SYNTHESIS_ONLY_QIP                   ; On                                                            ; --            ; --          ; --         ;
; TOP_LEVEL_ENTITY                     ; de1soc_top                                                    ; de1soc        ; --          ; --         ;
+--------------------------------------+---------------------------------------------------------------+---------------+-------------+------------+


+--------------------------------------------------------------------------------------------------------------------------+
; Flow Elapsed Time                                                                                                        ;
+----------------------+--------------+-------------------------+---------------------+------------------------------------+
; Module Name          ; Elapsed Time ; Average Processors Used ; Peak Virtual Memory ; Total CPU Time (on all processors) ;
+----------------------+--------------+-------------------------+---------------------+------------------------------------+
; Analysis & Synthesis ; 00:06:41     ; 1.0                     ; 928 MB              ; 00:03:38                           ;
; Fitter               ; 00:02:23     ; 1.2                     ; 3182 MB             ; 00:04:47                           ;
; Assembler            ; 00:00:19     ; 1.0                     ; 794 MB              ; 00:00:12                           ;
; Timing Analyzer      ; 00:01:05     ; 1.6                     ; 1410 MB             ; 00:00:45                           ;
; Total                ; 00:10:28     ; --                      ; --                  ; 00:09:22                           ;
+----------------------+--------------+-------------------------+---------------------+------------------------------------+


+------------------------------------------------------------------------------------+
; Flow OS Summary                                                                    ;
+----------------------+------------------+------------+------------+----------------+
; Module Name          ; Machine Hostname ; OS Name    ; OS Version ; Processor type ;
+----------------------+------------------+------------+------------+----------------+
; Analysis & Synthesis ; BA3145WS18       ; Windows 10 ; 10.0       ; x86_64         ;
; Fitter               ; BA3145WS18       ; Windows 10 ; 10.0       ; x86_64         ;
; Assembler            ; BA3145WS18       ; Windows 10 ; 10.0       ; x86_64         ;
; Timing Analyzer      ; BA3145WS18       ; Windows 10 ; 10.0       ; x86_64         ;
+----------------------+------------------+------------+------------+----------------+


------------
; Flow Log ;
------------
quartus_map --read_settings_files=on --write_settings_files=off de1soc -c de1soc
quartus_fit --read_settings_files=off --write_settings_files=off de1soc -c de1soc
quartus_asm --read_settings_files=off --write_settings_files=off de1soc -c de1soc
quartus_sta de1soc -c de1soc



