Analysis & Synthesis report for de1soc
Sun Jan 26 16:17:25 2020
Quartus Prime Version 18.0.0 Build 614 04/24/2018 SJ Standard Edition


---------------------
; Table of Contents ;
---------------------
  1. Legal Notice
  2. Analysis & Synthesis Summary
  3. Analysis & Synthesis Settings
  4. Parallel Compilation
  5. Analysis & Synthesis Source Files Read
  6. Analysis & Synthesis Resource Usage Summary
  7. Analysis & Synthesis Resource Utilization by Entity
  8. General Register Statistics
  9. Parameter Settings for User Entity Instance: wallaceTree8x8:wallaceTreeMultiplier|CLA:CLA_inst
 10. Port Connectivity Checks: "wallaceTree8x8:wallaceTreeMultiplier|CLA:CLA_inst"
 11. Port Connectivity Checks: "wallaceTree8x8:wallaceTreeMultiplier|fa:level4FAs[10].L4_fa_inst"
 12. Port Connectivity Checks: "wallaceTree8x8:wallaceTreeMultiplier|fa:level4FAs[2].L4_fa_inst"
 13. Port Connectivity Checks: "wallaceTree8x8:wallaceTreeMultiplier|fa:level4FAs[1].L4_fa_inst"
 14. Port Connectivity Checks: "wallaceTree8x8:wallaceTreeMultiplier|fa:level4FAs[0].L4_fa_inst"
 15. Port Connectivity Checks: "wallaceTree8x8:wallaceTreeMultiplier|fa:level3FAs[9].L3_fa_inst"
 16. Port Connectivity Checks: "wallaceTree8x8:wallaceTreeMultiplier|fa:level3FAs[8].L3_fa_inst"
 17. Port Connectivity Checks: "wallaceTree8x8:wallaceTreeMultiplier|fa:level3FAs[1].L3_fa_inst"
 18. Port Connectivity Checks: "wallaceTree8x8:wallaceTreeMultiplier|fa:level3FAs[0].L3_fa_inst"
 19. Port Connectivity Checks: "wallaceTree8x8:wallaceTreeMultiplier|fa:level2FAs[7].L2_fa_2_inst"
 20. Port Connectivity Checks: "wallaceTree8x8:wallaceTreeMultiplier|fa:level2FAs[0].L2_fa_2_inst"
 21. Port Connectivity Checks: "wallaceTree8x8:wallaceTreeMultiplier|fa:level2FAs[0].L2_fa_1_inst"
 22. Port Connectivity Checks: "wallaceTree8x8:wallaceTreeMultiplier|fa:level1FAs[7].L1_fa_2_inst"
 23. Port Connectivity Checks: "wallaceTree8x8:wallaceTreeMultiplier|fa:level1FAs[7].L1_fa_1_inst"
 24. Port Connectivity Checks: "wallaceTree8x8:wallaceTreeMultiplier|fa:level1FAs[0].L1_fa_2_inst"
 25. Port Connectivity Checks: "wallaceTree8x8:wallaceTreeMultiplier|fa:level1FAs[0].L1_fa_1_inst"
 26. Post-Synthesis Netlist Statistics for Top Partition
 27. Elapsed Time Per Partition
 28. Analysis & Synthesis Messages



----------------
; Legal Notice ;
----------------
Copyright (C) 2018  Intel Corporation. All rights reserved.
Your use of Intel Corporation's design tools, logic functions 
and other software and tools, and its AMPP partner logic 
functions, and any output files from any of the foregoing 
(including device programming or simulation files), and any 
associated documentation or information are expressly subject 
to the terms and conditions of the Intel Program License 
Subscription Agreement, the Intel Quartus Prime License Agreement,
the Intel FPGA IP License Agreement, or other applicable license
agreement, including, without limitation, that your use is for
the sole purpose of programming logic devices manufactured by
Intel and sold by Intel or its authorized distributors.  Please
refer to the applicable agreement for further details.



+-----------------------------------------------------------------------------------+
; Analysis & Synthesis Summary                                                      ;
+---------------------------------+-------------------------------------------------+
; Analysis & Synthesis Status     ; Successful - Sun Jan 26 16:17:25 2020           ;
; Quartus Prime Version           ; 18.0.0 Build 614 04/24/2018 SJ Standard Edition ;
; Revision Name                   ; de1soc                                          ;
; Top-level Entity Name           ; de1soc_top                                      ;
; Family                          ; Cyclone V                                       ;
; Logic utilization (in ALMs)     ; N/A                                             ;
; Total registers                 ; 16                                              ;
; Total pins                      ; 96                                              ;
; Total virtual pins              ; 0                                               ;
; Total block memory bits         ; 0                                               ;
; Total DSP Blocks                ; 0                                               ;
; Total HSSI RX PCSs              ; 0                                               ;
; Total HSSI PMA RX Deserializers ; 0                                               ;
; Total HSSI TX PCSs              ; 0                                               ;
; Total HSSI PMA TX Serializers   ; 0                                               ;
; Total PLLs                      ; 0                                               ;
; Total DLLs                      ; 0                                               ;
+---------------------------------+-------------------------------------------------+


+---------------------------------------------------------------------------------------------------------------------------+
; Analysis & Synthesis Settings                                                                                             ;
+---------------------------------------------------------------------------------+--------------------+--------------------+
; Option                                                                          ; Setting            ; Default Value      ;
+---------------------------------------------------------------------------------+--------------------+--------------------+
; Device                                                                          ; 5CSEMA5F31C6       ;                    ;
; Top-level entity name                                                           ; de1soc_top         ; de1soc             ;
; Family name                                                                     ; Cyclone V          ; Cyclone V          ;
; Restructure Multiplexers                                                        ; Off                ; Auto               ;
; Optimization Technique                                                          ; Speed              ; Balanced           ;
; Use smart compilation                                                           ; Off                ; Off                ;
; Enable parallel Assembler and Timing Analyzer during compilation                ; On                 ; On                 ;
; Enable compact report table                                                     ; Off                ; Off                ;
; MLAB Add Timing Constraints For Mixed-Port Feed-Through Mode Setting Don't Care ; Off                ; Off                ;
; Create Debugging Nodes for IP Cores                                             ; Off                ; Off                ;
; Preserve fewer node names                                                       ; On                 ; On                 ;
; Intel FPGA IP Evaluation Mode                                                   ; Enable             ; Enable             ;
; Verilog Version                                                                 ; Verilog_2001       ; Verilog_2001       ;
; VHDL Version                                                                    ; VHDL_1993          ; VHDL_1993          ;
; State Machine Processing                                                        ; Auto               ; Auto               ;
; Safe State Machine                                                              ; Off                ; Off                ;
; Extract Verilog State Machines                                                  ; On                 ; On                 ;
; Extract VHDL State Machines                                                     ; On                 ; On                 ;
; Ignore Verilog initial constructs                                               ; Off                ; Off                ;
; Iteration limit for constant Verilog loops                                      ; 5000               ; 5000               ;
; Iteration limit for non-constant Verilog loops                                  ; 250                ; 250                ;
; Add Pass-Through Logic to Inferred RAMs                                         ; On                 ; On                 ;
; Infer RAMs from Raw Logic                                                       ; On                 ; On                 ;
; Parallel Synthesis                                                              ; On                 ; On                 ;
; DSP Block Balancing                                                             ; Auto               ; Auto               ;
; NOT Gate Push-Back                                                              ; On                 ; On                 ;
; Power-Up Don't Care                                                             ; On                 ; On                 ;
; Remove Redundant Logic Cells                                                    ; Off                ; Off                ;
; Remove Duplicate Registers                                                      ; On                 ; On                 ;
; Ignore CARRY Buffers                                                            ; Off                ; Off                ;
; Ignore CASCADE Buffers                                                          ; Off                ; Off                ;
; Ignore GLOBAL Buffers                                                           ; Off                ; Off                ;
; Ignore ROW GLOBAL Buffers                                                       ; Off                ; Off                ;
; Ignore LCELL Buffers                                                            ; Off                ; Off                ;
; Ignore SOFT Buffers                                                             ; On                 ; On                 ;
; Limit AHDL Integers to 32 Bits                                                  ; Off                ; Off                ;
; Carry Chain Length                                                              ; 70                 ; 70                 ;
; Auto Carry Chains                                                               ; On                 ; On                 ;
; Auto Open-Drain Pins                                                            ; On                 ; On                 ;
; Perform WYSIWYG Primitive Resynthesis                                           ; Off                ; Off                ;
; Auto ROM Replacement                                                            ; On                 ; On                 ;
; Auto RAM Replacement                                                            ; On                 ; On                 ;
; Auto DSP Block Replacement                                                      ; On                 ; On                 ;
; Auto Shift Register Replacement                                                 ; Auto               ; Auto               ;
; Allow Shift Register Merging across Hierarchies                                 ; Auto               ; Auto               ;
; Auto Clock Enable Replacement                                                   ; On                 ; On                 ;
; Strict RAM Replacement                                                          ; Off                ; Off                ;
; Allow Synchronous Control Signals                                               ; On                 ; On                 ;
; Force Use of Synchronous Clear Signals                                          ; Off                ; Off                ;
; Auto Resource Sharing                                                           ; Off                ; Off                ;
; Allow Any RAM Size For Recognition                                              ; Off                ; Off                ;
; Allow Any ROM Size For Recognition                                              ; Off                ; Off                ;
; Allow Any Shift Register Size For Recognition                                   ; Off                ; Off                ;
; Use LogicLock Constraints during Resource Balancing                             ; On                 ; On                 ;
; Ignore translate_off and synthesis_off directives                               ; Off                ; Off                ;
; Timing-Driven Synthesis                                                         ; On                 ; On                 ;
; Report Parameter Settings                                                       ; On                 ; On                 ;
; Report Source Assignments                                                       ; On                 ; On                 ;
; Report Connectivity Checks                                                      ; On                 ; On                 ;
; Ignore Maximum Fan-Out Assignments                                              ; Off                ; Off                ;
; Synchronization Register Chain Length                                           ; 3                  ; 3                  ;
; Power Optimization During Synthesis                                             ; Normal compilation ; Normal compilation ;
; HDL message level                                                               ; Level2             ; Level2             ;
; Suppress Register Optimization Related Messages                                 ; Off                ; Off                ;
; Number of Removed Registers Reported in Synthesis Report                        ; 5000               ; 5000               ;
; Number of Swept Nodes Reported in Synthesis Report                              ; 5000               ; 5000               ;
; Number of Inverted Registers Reported in Synthesis Report                       ; 100                ; 100                ;
; Clock MUX Protection                                                            ; On                 ; On                 ;
; Auto Gated Clock Conversion                                                     ; Off                ; Off                ;
; Block Design Naming                                                             ; Auto               ; Auto               ;
; SDC constraint protection                                                       ; Off                ; Off                ;
; Synthesis Effort                                                                ; Auto               ; Auto               ;
; Shift Register Replacement - Allow Asynchronous Clear Signal                    ; On                 ; On                 ;
; Pre-Mapping Resynthesis Optimization                                            ; Off                ; Off                ;
; Analysis & Synthesis Message Level                                              ; Medium             ; Medium             ;
; Disable Register Merging Across Hierarchies                                     ; Auto               ; Auto               ;
; Resource Aware Inference For Block RAM                                          ; On                 ; On                 ;
; Automatic Parallel Synthesis                                                    ; On                 ; On                 ;
; Partial Reconfiguration Bitstream ID                                            ; Off                ; Off                ;
+---------------------------------------------------------------------------------+--------------------+--------------------+


+------------------------------------------+
; Parallel Compilation                     ;
+----------------------------+-------------+
; Processors                 ; Number      ;
+----------------------------+-------------+
; Number detected on machine ; 8           ;
; Maximum allowed            ; 4           ;
;                            ;             ;
; Average used               ; 1.00        ;
; Maximum used               ; 1           ;
;                            ;             ;
; Usage by Processor         ; % Time Used ;
;     Processor 1            ; 100.0%      ;
+----------------------------+-------------+


+--------------------------------------------------------------------------------------------------------------------------------------------+
; Analysis & Synthesis Source Files Read                                                                                                     ;
+----------------------------------+-----------------+------------------------------------+----------------------------------------+---------+
; File Name with User-Entered Path ; Used in Netlist ; File Type                          ; File Name with Absolute Path           ; Library ;
+----------------------------------+-----------------+------------------------------------+----------------------------------------+---------+
; de1soc_top.sv                    ; yes             ; User SystemVerilog HDL File        ; W:/ECE342/Lab2/Part3/de1soc_top.sv     ;         ;
; fa.sv                            ; yes             ; User SystemVerilog HDL File        ; W:/ECE342/Lab2/Part3/fa.sv             ;         ;
; CLA.sv                           ; yes             ; User SystemVerilog HDL File        ; W:/ECE342/Lab2/Part3/CLA.sv            ;         ;
; wallaceTree8x8.sv                ; yes             ; User SystemVerilog HDL File        ; W:/ECE342/Lab2/Part3/wallaceTree8x8.sv ;         ;
; hex_decoder.sv                   ; yes             ; Auto-Found SystemVerilog HDL File  ; W:/ECE342/Lab2/Part3/hex_decoder.sv    ;         ;
+----------------------------------+-----------------+------------------------------------+----------------------------------------+---------+


+-----------------------------------------------------+
; Analysis & Synthesis Resource Usage Summary         ;
+---------------------------------------------+-------+
; Resource                                    ; Usage ;
+---------------------------------------------+-------+
; Estimate of Logic utilization (ALMs needed) ; 97    ;
;                                             ;       ;
; Combinational ALUT usage for logic          ; 138   ;
;     -- 7 input functions                    ; 0     ;
;     -- 6 input functions                    ; 53    ;
;     -- 5 input functions                    ; 12    ;
;     -- 4 input functions                    ; 44    ;
;     -- <=3 input functions                  ; 29    ;
;                                             ;       ;
; Dedicated logic registers                   ; 16    ;
;                                             ;       ;
; I/O pins                                    ; 96    ;
;                                             ;       ;
; Total DSP Blocks                            ; 0     ;
;                                             ;       ;
; Maximum fan-out node                        ; x[7]  ;
; Maximum fan-out                             ; 20    ;
; Total fan-out                               ; 805   ;
; Average fan-out                             ; 2.33  ;
+---------------------------------------------+-------+


+--------------------------------------------------------------------------------------------------------------------------------------------------------------------------------------------------------------------------------------------------------------------+
; Analysis & Synthesis Resource Utilization by Entity                                                                                                                                                                                                                ;
+-------------------------------------------+---------------------+---------------------------+-------------------+------------+------+--------------+-------------------------------------------------------------------------------+----------------+--------------+
; Compilation Hierarchy Node                ; Combinational ALUTs ; Dedicated Logic Registers ; Block Memory Bits ; DSP Blocks ; Pins ; Virtual Pins ; Full Hierarchy Name                                                           ; Entity Name    ; Library Name ;
+-------------------------------------------+---------------------+---------------------------+-------------------+------------+------+--------------+-------------------------------------------------------------------------------+----------------+--------------+
; |de1soc_top                               ; 138 (0)             ; 16 (16)                   ; 0                 ; 0          ; 96   ; 0            ; |de1soc_top                                                                   ; de1soc_top     ; work         ;
;    |hex_decoder:hexdec_0|                 ; 7 (7)               ; 0 (0)                     ; 0                 ; 0          ; 0    ; 0            ; |de1soc_top|hex_decoder:hexdec_0                                              ; hex_decoder    ; work         ;
;    |hex_decoder:hexdec_1|                 ; 7 (7)               ; 0 (0)                     ; 0                 ; 0          ; 0    ; 0            ; |de1soc_top|hex_decoder:hexdec_1                                              ; hex_decoder    ; work         ;
;    |hex_decoder:hexdec_2|                 ; 7 (7)               ; 0 (0)                     ; 0                 ; 0          ; 0    ; 0            ; |de1soc_top|hex_decoder:hexdec_2                                              ; hex_decoder    ; work         ;
;    |hex_decoder:hexdec_3|                 ; 7 (7)               ; 0 (0)                     ; 0                 ; 0          ; 0    ; 0            ; |de1soc_top|hex_decoder:hexdec_3                                              ; hex_decoder    ; work         ;
;    |wallaceTree8x8:wallaceTreeMultiplier| ; 110 (3)             ; 0 (0)                     ; 0                 ; 0          ; 0    ; 0            ; |de1soc_top|wallaceTree8x8:wallaceTreeMultiplier                              ; wallaceTree8x8 ; work         ;
;       |CLA:CLA_inst|                      ; 18 (18)             ; 0 (0)                     ; 0                 ; 0          ; 0    ; 0            ; |de1soc_top|wallaceTree8x8:wallaceTreeMultiplier|CLA:CLA_inst                 ; CLA            ; work         ;
;       |fa:level1FAs[0].L1_fa_1_inst|      ; 1 (1)               ; 0 (0)                     ; 0                 ; 0          ; 0    ; 0            ; |de1soc_top|wallaceTree8x8:wallaceTreeMultiplier|fa:level1FAs[0].L1_fa_1_inst ; fa             ; work         ;
;       |fa:level1FAs[0].L1_fa_2_inst|      ; 2 (2)               ; 0 (0)                     ; 0                 ; 0          ; 0    ; 0            ; |de1soc_top|wallaceTree8x8:wallaceTreeMultiplier|fa:level1FAs[0].L1_fa_2_inst ; fa             ; work         ;
;       |fa:level1FAs[1].L1_fa_1_inst|      ; 1 (1)               ; 0 (0)                     ; 0                 ; 0          ; 0    ; 0            ; |de1soc_top|wallaceTree8x8:wallaceTreeMultiplier|fa:level1FAs[1].L1_fa_1_inst ; fa             ; work         ;
;       |fa:level1FAs[1].L1_fa_2_inst|      ; 2 (2)               ; 0 (0)                     ; 0                 ; 0          ; 0    ; 0            ; |de1soc_top|wallaceTree8x8:wallaceTreeMultiplier|fa:level1FAs[1].L1_fa_2_inst ; fa             ; work         ;
;       |fa:level1FAs[2].L1_fa_1_inst|      ; 2 (2)               ; 0 (0)                     ; 0                 ; 0          ; 0    ; 0            ; |de1soc_top|wallaceTree8x8:wallaceTreeMultiplier|fa:level1FAs[2].L1_fa_1_inst ; fa             ; work         ;
;       |fa:level1FAs[2].L1_fa_2_inst|      ; 2 (2)               ; 0 (0)                     ; 0                 ; 0          ; 0    ; 0            ; |de1soc_top|wallaceTree8x8:wallaceTreeMultiplier|fa:level1FAs[2].L1_fa_2_inst ; fa             ; work         ;
;       |fa:level1FAs[3].L1_fa_1_inst|      ; 2 (2)               ; 0 (0)                     ; 0                 ; 0          ; 0    ; 0            ; |de1soc_top|wallaceTree8x8:wallaceTreeMultiplier|fa:level1FAs[3].L1_fa_1_inst ; fa             ; work         ;
;       |fa:level1FAs[3].L1_fa_2_inst|      ; 2 (2)               ; 0 (0)                     ; 0                 ; 0          ; 0    ; 0            ; |de1soc_top|wallaceTree8x8:wallaceTreeMultiplier|fa:level1FAs[3].L1_fa_2_inst ; fa             ; work         ;
;       |fa:level1FAs[4].L1_fa_1_inst|      ; 2 (2)               ; 0 (0)                     ; 0                 ; 0          ; 0    ; 0            ; |de1soc_top|wallaceTree8x8:wallaceTreeMultiplier|fa:level1FAs[4].L1_fa_1_inst ; fa             ; work         ;
;       |fa:level1FAs[4].L1_fa_2_inst|      ; 2 (2)               ; 0 (0)                     ; 0                 ; 0          ; 0    ; 0            ; |de1soc_top|wallaceTree8x8:wallaceTreeMultiplier|fa:level1FAs[4].L1_fa_2_inst ; fa             ; work         ;
;       |fa:level1FAs[5].L1_fa_1_inst|      ; 2 (2)               ; 0 (0)                     ; 0                 ; 0          ; 0    ; 0            ; |de1soc_top|wallaceTree8x8:wallaceTreeMultiplier|fa:level1FAs[5].L1_fa_1_inst ; fa             ; work         ;
;       |fa:level1FAs[5].L1_fa_2_inst|      ; 2 (2)               ; 0 (0)                     ; 0                 ; 0          ; 0    ; 0            ; |de1soc_top|wallaceTree8x8:wallaceTreeMultiplier|fa:level1FAs[5].L1_fa_2_inst ; fa             ; work         ;
;       |fa:level1FAs[6].L1_fa_1_inst|      ; 2 (2)               ; 0 (0)                     ; 0                 ; 0          ; 0    ; 0            ; |de1soc_top|wallaceTree8x8:wallaceTreeMultiplier|fa:level1FAs[6].L1_fa_1_inst ; fa             ; work         ;
;       |fa:level1FAs[6].L1_fa_2_inst|      ; 2 (2)               ; 0 (0)                     ; 0                 ; 0          ; 0    ; 0            ; |de1soc_top|wallaceTree8x8:wallaceTreeMultiplier|fa:level1FAs[6].L1_fa_2_inst ; fa             ; work         ;
;       |fa:level1FAs[7].L1_fa_2_inst|      ; 2 (2)               ; 0 (0)                     ; 0                 ; 0          ; 0    ; 0            ; |de1soc_top|wallaceTree8x8:wallaceTreeMultiplier|fa:level1FAs[7].L1_fa_2_inst ; fa             ; work         ;
;       |fa:level2FAs[0].L2_fa_1_inst|      ; 2 (2)               ; 0 (0)                     ; 0                 ; 0          ; 0    ; 0            ; |de1soc_top|wallaceTree8x8:wallaceTreeMultiplier|fa:level2FAs[0].L2_fa_1_inst ; fa             ; work         ;
;       |fa:level2FAs[0].L2_fa_2_inst|      ; 2 (2)               ; 0 (0)                     ; 0                 ; 0          ; 0    ; 0            ; |de1soc_top|wallaceTree8x8:wallaceTreeMultiplier|fa:level2FAs[0].L2_fa_2_inst ; fa             ; work         ;
;       |fa:level2FAs[1].L2_fa_1_inst|      ; 1 (1)               ; 0 (0)                     ; 0                 ; 0          ; 0    ; 0            ; |de1soc_top|wallaceTree8x8:wallaceTreeMultiplier|fa:level2FAs[1].L2_fa_1_inst ; fa             ; work         ;
;       |fa:level2FAs[1].L2_fa_2_inst|      ; 2 (2)               ; 0 (0)                     ; 0                 ; 0          ; 0    ; 0            ; |de1soc_top|wallaceTree8x8:wallaceTreeMultiplier|fa:level2FAs[1].L2_fa_2_inst ; fa             ; work         ;
;       |fa:level2FAs[2].L2_fa_1_inst|      ; 2 (2)               ; 0 (0)                     ; 0                 ; 0          ; 0    ; 0            ; |de1soc_top|wallaceTree8x8:wallaceTreeMultiplier|fa:level2FAs[2].L2_fa_1_inst ; fa             ; work         ;
;       |fa:level2FAs[2].L2_fa_2_inst|      ; 2 (2)               ; 0 (0)                     ; 0                 ; 0          ; 0    ; 0            ; |de1soc_top|wallaceTree8x8:wallaceTreeMultiplier|fa:level2FAs[2].L2_fa_2_inst ; fa             ; work         ;
;       |fa:level2FAs[3].L2_fa_1_inst|      ; 2 (2)               ; 0 (0)                     ; 0                 ; 0          ; 0    ; 0            ; |de1soc_top|wallaceTree8x8:wallaceTreeMultiplier|fa:level2FAs[3].L2_fa_1_inst ; fa             ; work         ;
;       |fa:level2FAs[3].L2_fa_2_inst|      ; 2 (2)               ; 0 (0)                     ; 0                 ; 0          ; 0    ; 0            ; |de1soc_top|wallaceTree8x8:wallaceTreeMultiplier|fa:level2FAs[3].L2_fa_2_inst ; fa             ; work         ;
;       |fa:level2FAs[4].L2_fa_1_inst|      ; 2 (2)               ; 0 (0)                     ; 0                 ; 0          ; 0    ; 0            ; |de1soc_top|wallaceTree8x8:wallaceTreeMultiplier|fa:level2FAs[4].L2_fa_1_inst ; fa             ; work         ;
;       |fa:level2FAs[4].L2_fa_2_inst|      ; 1 (1)               ; 0 (0)                     ; 0                 ; 0          ; 0    ; 0            ; |de1soc_top|wallaceTree8x8:wallaceTreeMultiplier|fa:level2FAs[4].L2_fa_2_inst ; fa             ; work         ;
;       |fa:level2FAs[5].L2_fa_1_inst|      ; 2 (2)               ; 0 (0)                     ; 0                 ; 0          ; 0    ; 0            ; |de1soc_top|wallaceTree8x8:wallaceTreeMultiplier|fa:level2FAs[5].L2_fa_1_inst ; fa             ; work         ;
;       |fa:level2FAs[5].L2_fa_2_inst|      ; 1 (1)               ; 0 (0)                     ; 0                 ; 0          ; 0    ; 0            ; |de1soc_top|wallaceTree8x8:wallaceTreeMultiplier|fa:level2FAs[5].L2_fa_2_inst ; fa             ; work         ;
;       |fa:level2FAs[6].L2_fa_1_inst|      ; 3 (3)               ; 0 (0)                     ; 0                 ; 0          ; 0    ; 0            ; |de1soc_top|wallaceTree8x8:wallaceTreeMultiplier|fa:level2FAs[6].L2_fa_1_inst ; fa             ; work         ;
;       |fa:level2FAs[6].L2_fa_2_inst|      ; 2 (2)               ; 0 (0)                     ; 0                 ; 0          ; 0    ; 0            ; |de1soc_top|wallaceTree8x8:wallaceTreeMultiplier|fa:level2FAs[6].L2_fa_2_inst ; fa             ; work         ;
;       |fa:level2FAs[7].L2_fa_1_inst|      ; 3 (3)               ; 0 (0)                     ; 0                 ; 0          ; 0    ; 0            ; |de1soc_top|wallaceTree8x8:wallaceTreeMultiplier|fa:level2FAs[7].L2_fa_1_inst ; fa             ; work         ;
;       |fa:level2FAs[7].L2_fa_2_inst|      ; 1 (1)               ; 0 (0)                     ; 0                 ; 0          ; 0    ; 0            ; |de1soc_top|wallaceTree8x8:wallaceTreeMultiplier|fa:level2FAs[7].L2_fa_2_inst ; fa             ; work         ;
;       |fa:level3FAs[0].L3_fa_inst|        ; 2 (2)               ; 0 (0)                     ; 0                 ; 0          ; 0    ; 0            ; |de1soc_top|wallaceTree8x8:wallaceTreeMultiplier|fa:level3FAs[0].L3_fa_inst   ; fa             ; work         ;
;       |fa:level3FAs[2].L3_fa_inst|        ; 1 (1)               ; 0 (0)                     ; 0                 ; 0          ; 0    ; 0            ; |de1soc_top|wallaceTree8x8:wallaceTreeMultiplier|fa:level3FAs[2].L3_fa_inst   ; fa             ; work         ;
;       |fa:level3FAs[3].L3_fa_inst|        ; 2 (2)               ; 0 (0)                     ; 0                 ; 0          ; 0    ; 0            ; |de1soc_top|wallaceTree8x8:wallaceTreeMultiplier|fa:level3FAs[3].L3_fa_inst   ; fa             ; work         ;
;       |fa:level3FAs[4].L3_fa_inst|        ; 1 (1)               ; 0 (0)                     ; 0                 ; 0          ; 0    ; 0            ; |de1soc_top|wallaceTree8x8:wallaceTreeMultiplier|fa:level3FAs[4].L3_fa_inst   ; fa             ; work         ;
;       |fa:level3FAs[5].L3_fa_inst|        ; 1 (1)               ; 0 (0)                     ; 0                 ; 0          ; 0    ; 0            ; |de1soc_top|wallaceTree8x8:wallaceTreeMultiplier|fa:level3FAs[5].L3_fa_inst   ; fa             ; work         ;
;       |fa:level3FAs[6].L3_fa_inst|        ; 1 (1)               ; 0 (0)                     ; 0                 ; 0          ; 0    ; 0            ; |de1soc_top|wallaceTree8x8:wallaceTreeMultiplier|fa:level3FAs[6].L3_fa_inst   ; fa             ; work         ;
;       |fa:level3FAs[7].L3_fa_inst|        ; 1 (1)               ; 0 (0)                     ; 0                 ; 0          ; 0    ; 0            ; |de1soc_top|wallaceTree8x8:wallaceTreeMultiplier|fa:level3FAs[7].L3_fa_inst   ; fa             ; work         ;
;       |fa:level3FAs[8].L3_fa_inst|        ; 2 (2)               ; 0 (0)                     ; 0                 ; 0          ; 0    ; 0            ; |de1soc_top|wallaceTree8x8:wallaceTreeMultiplier|fa:level3FAs[8].L3_fa_inst   ; fa             ; work         ;
;       |fa:level3FAs[9].L3_fa_inst|        ; 2 (2)               ; 0 (0)                     ; 0                 ; 0          ; 0    ; 0            ; |de1soc_top|wallaceTree8x8:wallaceTreeMultiplier|fa:level3FAs[9].L3_fa_inst   ; fa             ; work         ;
;       |fa:level4FAs[0].L4_fa_inst|        ; 1 (1)               ; 0 (0)                     ; 0                 ; 0          ; 0    ; 0            ; |de1soc_top|wallaceTree8x8:wallaceTreeMultiplier|fa:level4FAs[0].L4_fa_inst   ; fa             ; work         ;
;       |fa:level4FAs[10].L4_fa_inst|       ; 2 (2)               ; 0 (0)                     ; 0                 ; 0          ; 0    ; 0            ; |de1soc_top|wallaceTree8x8:wallaceTreeMultiplier|fa:level4FAs[10].L4_fa_inst  ; fa             ; work         ;
;       |fa:level4FAs[1].L4_fa_inst|        ; 1 (1)               ; 0 (0)                     ; 0                 ; 0          ; 0    ; 0            ; |de1soc_top|wallaceTree8x8:wallaceTreeMultiplier|fa:level4FAs[1].L4_fa_inst   ; fa             ; work         ;
;       |fa:level4FAs[3].L4_fa_inst|        ; 2 (2)               ; 0 (0)                     ; 0                 ; 0          ; 0    ; 0            ; |de1soc_top|wallaceTree8x8:wallaceTreeMultiplier|fa:level4FAs[3].L4_fa_inst   ; fa             ; work         ;
;       |fa:level4FAs[4].L4_fa_inst|        ; 2 (2)               ; 0 (0)                     ; 0                 ; 0          ; 0    ; 0            ; |de1soc_top|wallaceTree8x8:wallaceTreeMultiplier|fa:level4FAs[4].L4_fa_inst   ; fa             ; work         ;
;       |fa:level4FAs[5].L4_fa_inst|        ; 2 (2)               ; 0 (0)                     ; 0                 ; 0          ; 0    ; 0            ; |de1soc_top|wallaceTree8x8:wallaceTreeMultiplier|fa:level4FAs[5].L4_fa_inst   ; fa             ; work         ;
;       |fa:level4FAs[6].L4_fa_inst|        ; 2 (2)               ; 0 (0)                     ; 0                 ; 0          ; 0    ; 0            ; |de1soc_top|wallaceTree8x8:wallaceTreeMultiplier|fa:level4FAs[6].L4_fa_inst   ; fa             ; work         ;
;       |fa:level4FAs[7].L4_fa_inst|        ; 2 (2)               ; 0 (0)                     ; 0                 ; 0          ; 0    ; 0            ; |de1soc_top|wallaceTree8x8:wallaceTreeMultiplier|fa:level4FAs[7].L4_fa_inst   ; fa             ; work         ;
;       |fa:level4FAs[8].L4_fa_inst|        ; 2 (2)               ; 0 (0)                     ; 0                 ; 0          ; 0    ; 0            ; |de1soc_top|wallaceTree8x8:wallaceTreeMultiplier|fa:level4FAs[8].L4_fa_inst   ; fa             ; work         ;
;       |fa:level4FAs[9].L4_fa_inst|        ; 2 (2)               ; 0 (0)                     ; 0                 ; 0          ; 0    ; 0            ; |de1soc_top|wallaceTree8x8:wallaceTreeMultiplier|fa:level4FAs[9].L4_fa_inst   ; fa             ; work         ;
+-------------------------------------------+---------------------+---------------------------+-------------------+------------+------+--------------+-------------------------------------------------------------------------------+----------------+--------------+
Note: For table entries with two numbers listed, the numbers in parentheses indicate the number of resources of the given type used by the specific entity alone. The numbers listed outside of parentheses indicate the total resources of the given type used by the specific entity and all of its sub-entities in the hierarchy.


+------------------------------------------------------+
; General Register Statistics                          ;
+----------------------------------------------+-------+
; Statistic                                    ; Value ;
+----------------------------------------------+-------+
; Total registers                              ; 16    ;
; Number of registers using Synchronous Clear  ; 0     ;
; Number of registers using Synchronous Load   ; 0     ;
; Number of registers using Asynchronous Clear ; 0     ;
; Number of registers using Asynchronous Load  ; 0     ;
; Number of registers using Clock Enable       ; 16    ;
; Number of registers using Preset             ; 0     ;
+----------------------------------------------+-------+


+------------------------------------------------------------------------------------------------+
; Parameter Settings for User Entity Instance: wallaceTree8x8:wallaceTreeMultiplier|CLA:CLA_inst ;
+----------------+-------+-----------------------------------------------------------------------+
; Parameter Name ; Value ; Type                                                                  ;
+----------------+-------+-----------------------------------------------------------------------+
; n              ; 11    ; Signed Integer                                                        ;
+----------------+-------+-----------------------------------------------------------------------+
Note: In order to hide this table in the UI and the text report file, please set the "Show Parameter Settings in Synthesis Report" option in "Analysis and Synthesis Settings -> More Settings" to "Off".


+-----------------------------------------------------------------------------------------------------------------+
; Port Connectivity Checks: "wallaceTree8x8:wallaceTreeMultiplier|CLA:CLA_inst"                                   ;
+-------+--------+----------+-------------------------------------------------------------------------------------+
; Port  ; Type   ; Severity ; Details                                                                             ;
+-------+--------+----------+-------------------------------------------------------------------------------------+
; b[10] ; Input  ; Info     ; Stuck at GND                                                                        ;
; s[11] ; Output ; Info     ; Connected to dangling logic. Logic that only feeds a dangling port will be removed. ;
+-------+--------+----------+-------------------------------------------------------------------------------------+


+----------------------------------------------------------------------------------------------+
; Port Connectivity Checks: "wallaceTree8x8:wallaceTreeMultiplier|fa:level4FAs[10].L4_fa_inst" ;
+------+-------+----------+--------------------------------------------------------------------+
; Port ; Type  ; Severity ; Details                                                            ;
+------+-------+----------+--------------------------------------------------------------------+
; a    ; Input ; Info     ; Stuck at GND                                                       ;
+------+-------+----------+--------------------------------------------------------------------+


+---------------------------------------------------------------------------------------------+
; Port Connectivity Checks: "wallaceTree8x8:wallaceTreeMultiplier|fa:level4FAs[2].L4_fa_inst" ;
+------+-------+----------+-------------------------------------------------------------------+
; Port ; Type  ; Severity ; Details                                                           ;
+------+-------+----------+-------------------------------------------------------------------+
; cin  ; Input ; Info     ; Stuck at GND                                                      ;
+------+-------+----------+-------------------------------------------------------------------+


+---------------------------------------------------------------------------------------------+
; Port Connectivity Checks: "wallaceTree8x8:wallaceTreeMultiplier|fa:level4FAs[1].L4_fa_inst" ;
+------+-------+----------+-------------------------------------------------------------------+
; Port ; Type  ; Severity ; Details                                                           ;
+------+-------+----------+-------------------------------------------------------------------+
; cin  ; Input ; Info     ; Stuck at GND                                                      ;
+------+-------+----------+-------------------------------------------------------------------+


+---------------------------------------------------------------------------------------------+
; Port Connectivity Checks: "wallaceTree8x8:wallaceTreeMultiplier|fa:level4FAs[0].L4_fa_inst" ;
+------+-------+----------+-------------------------------------------------------------------+
; Port ; Type  ; Severity ; Details                                                           ;
+------+-------+----------+-------------------------------------------------------------------+
; cin  ; Input ; Info     ; Stuck at GND                                                      ;
+------+-------+----------+-------------------------------------------------------------------+


+---------------------------------------------------------------------------------------------+
; Port Connectivity Checks: "wallaceTree8x8:wallaceTreeMultiplier|fa:level3FAs[9].L3_fa_inst" ;
+------+-------+----------+-------------------------------------------------------------------+
; Port ; Type  ; Severity ; Details                                                           ;
+------+-------+----------+-------------------------------------------------------------------+
; a    ; Input ; Info     ; Stuck at GND                                                      ;
+------+-------+----------+-------------------------------------------------------------------+


+---------------------------------------------------------------------------------------------+
; Port Connectivity Checks: "wallaceTree8x8:wallaceTreeMultiplier|fa:level3FAs[8].L3_fa_inst" ;
+------+-------+----------+-------------------------------------------------------------------+
; Port ; Type  ; Severity ; Details                                                           ;
+------+-------+----------+-------------------------------------------------------------------+
; a    ; Input ; Info     ; Stuck at GND                                                      ;
+------+-------+----------+-------------------------------------------------------------------+


+---------------------------------------------------------------------------------------------+
; Port Connectivity Checks: "wallaceTree8x8:wallaceTreeMultiplier|fa:level3FAs[1].L3_fa_inst" ;
+------+-------+----------+-------------------------------------------------------------------+
; Port ; Type  ; Severity ; Details                                                           ;
+------+-------+----------+-------------------------------------------------------------------+
; cin  ; Input ; Info     ; Stuck at GND                                                      ;
+------+-------+----------+-------------------------------------------------------------------+


+---------------------------------------------------------------------------------------------+
; Port Connectivity Checks: "wallaceTree8x8:wallaceTreeMultiplier|fa:level3FAs[0].L3_fa_inst" ;
+------+-------+----------+-------------------------------------------------------------------+
; Port ; Type  ; Severity ; Details                                                           ;
+------+-------+----------+-------------------------------------------------------------------+
; cin  ; Input ; Info     ; Stuck at GND                                                      ;
+------+-------+----------+-------------------------------------------------------------------+


+-----------------------------------------------------------------------------------------------+
; Port Connectivity Checks: "wallaceTree8x8:wallaceTreeMultiplier|fa:level2FAs[7].L2_fa_2_inst" ;
+------+-------+----------+---------------------------------------------------------------------+
; Port ; Type  ; Severity ; Details                                                             ;
+------+-------+----------+---------------------------------------------------------------------+
; a    ; Input ; Info     ; Stuck at GND                                                        ;
+------+-------+----------+---------------------------------------------------------------------+


+-----------------------------------------------------------------------------------------------+
; Port Connectivity Checks: "wallaceTree8x8:wallaceTreeMultiplier|fa:level2FAs[0].L2_fa_2_inst" ;
+------+-------+----------+---------------------------------------------------------------------+
; Port ; Type  ; Severity ; Details                                                             ;
+------+-------+----------+---------------------------------------------------------------------+
; cin  ; Input ; Info     ; Stuck at GND                                                        ;
+------+-------+----------+---------------------------------------------------------------------+


+-----------------------------------------------------------------------------------------------+
; Port Connectivity Checks: "wallaceTree8x8:wallaceTreeMultiplier|fa:level2FAs[0].L2_fa_1_inst" ;
+------+-------+----------+---------------------------------------------------------------------+
; Port ; Type  ; Severity ; Details                                                             ;
+------+-------+----------+---------------------------------------------------------------------+
; cin  ; Input ; Info     ; Stuck at GND                                                        ;
+------+-------+----------+---------------------------------------------------------------------+


+-----------------------------------------------------------------------------------------------+
; Port Connectivity Checks: "wallaceTree8x8:wallaceTreeMultiplier|fa:level1FAs[7].L1_fa_2_inst" ;
+------+-------+----------+---------------------------------------------------------------------+
; Port ; Type  ; Severity ; Details                                                             ;
+------+-------+----------+---------------------------------------------------------------------+
; a    ; Input ; Info     ; Stuck at GND                                                        ;
+------+-------+----------+---------------------------------------------------------------------+


+-----------------------------------------------------------------------------------------------+
; Port Connectivity Checks: "wallaceTree8x8:wallaceTreeMultiplier|fa:level1FAs[7].L1_fa_1_inst" ;
+------+-------+----------+---------------------------------------------------------------------+
; Port ; Type  ; Severity ; Details                                                             ;
+------+-------+----------+---------------------------------------------------------------------+
; a    ; Input ; Info     ; Stuck at GND                                                        ;
+------+-------+----------+---------------------------------------------------------------------+


+-----------------------------------------------------------------------------------------------+
; Port Connectivity Checks: "wallaceTree8x8:wallaceTreeMultiplier|fa:level1FAs[0].L1_fa_2_inst" ;
+------+-------+----------+---------------------------------------------------------------------+
; Port ; Type  ; Severity ; Details                                                             ;
+------+-------+----------+---------------------------------------------------------------------+
; cin  ; Input ; Info     ; Stuck at GND                                                        ;
+------+-------+----------+---------------------------------------------------------------------+


+-----------------------------------------------------------------------------------------------+
; Port Connectivity Checks: "wallaceTree8x8:wallaceTreeMultiplier|fa:level1FAs[0].L1_fa_1_inst" ;
+------+-------+----------+---------------------------------------------------------------------+
; Port ; Type  ; Severity ; Details                                                             ;
+------+-------+----------+---------------------------------------------------------------------+
; cin  ; Input ; Info     ; Stuck at GND                                                        ;
+------+-------+----------+---------------------------------------------------------------------+


+-----------------------------------------------------+
; Post-Synthesis Netlist Statistics for Top Partition ;
+-----------------------+-----------------------------+
; Type                  ; Count                       ;
+-----------------------+-----------------------------+
; arriav_ff             ; 16                          ;
;     ENA               ; 16                          ;
; arriav_lcell_comb     ; 144                         ;
;     normal            ; 144                         ;
;         0 data inputs ; 2                           ;
;         1 data inputs ; 4                           ;
;         2 data inputs ; 8                           ;
;         3 data inputs ; 21                          ;
;         4 data inputs ; 44                          ;
;         5 data inputs ; 12                          ;
;         6 data inputs ; 53                          ;
; boundary_port         ; 96                          ;
;                       ;                             ;
; Max LUT depth         ; 9.00                        ;
; Average LUT depth     ; 7.12                        ;
+-----------------------+-----------------------------+


+-------------------------------+
; Elapsed Time Per Partition    ;
+----------------+--------------+
; Partition Name ; Elapsed Time ;
+----------------+--------------+
; Top            ; 00:00:02     ;
+----------------+--------------+


+-------------------------------+
; Analysis & Synthesis Messages ;
+-------------------------------+
Info: *******************************************************************
Info: Running Quartus Prime Analysis & Synthesis
    Info: Version 18.0.0 Build 614 04/24/2018 SJ Standard Edition
    Info: Processing started: Sun Jan 26 16:17:07 2020
Info: Command: quartus_map --read_settings_files=on --write_settings_files=off de1soc -c de1soc
Info (16303): Aggressive Performance optimization mode selected -- timing performance will be prioritized at the potential cost of increased logic area and compilation time
Warning (18236): Number of processors has not been specified which may cause overloading on shared machines.  Set the global assignment NUM_PARALLEL_PROCESSORS in your QSF to an appropriate value for best performance.
Info (20030): Parallel compilation is enabled and will use 4 of the 4 processors detected
Info (12021): Found 1 design units, including 1 entities, in source file de1soc_top.sv
    Info (12023): Found entity 1: de1soc_top File: W:/ECE342/Lab2/Part3/de1soc_top.sv Line: 1
Info (12021): Found 1 design units, including 1 entities, in source file fa.sv
    Info (12023): Found entity 1: fa File: W:/ECE342/Lab2/Part3/fa.sv Line: 2
Info (12021): Found 1 design units, including 1 entities, in source file cla.sv
    Info (12023): Found entity 1: CLA File: W:/ECE342/Lab2/Part3/CLA.sv Line: 2
Info (12021): Found 1 design units, including 1 entities, in source file wallacetree8x8.sv
    Info (12023): Found entity 1: wallaceTree8x8 File: W:/ECE342/Lab2/Part3/wallaceTree8x8.sv Line: 3
Info (12021): Found 1 design units, including 1 entities, in source file tbwallacetree8x8.sv
    Info (12023): Found entity 1: tbWallaceTree8x8 File: W:/ECE342/Lab2/Part3/tbWallaceTree8x8.sv Line: 5
Info (12127): Elaborating entity "de1soc_top" for the top level hierarchy
Warning (10034): Output port "LEDR" at de1soc_top.sv(21) has no driver File: W:/ECE342/Lab2/Part3/de1soc_top.sv Line: 21
Warning (10034): Output port "VGA_B" at de1soc_top.sv(27) has no driver File: W:/ECE342/Lab2/Part3/de1soc_top.sv Line: 27
Warning (10034): Output port "VGA_G" at de1soc_top.sv(30) has no driver File: W:/ECE342/Lab2/Part3/de1soc_top.sv Line: 30
Warning (10034): Output port "VGA_R" at de1soc_top.sv(32) has no driver File: W:/ECE342/Lab2/Part3/de1soc_top.sv Line: 32
Warning (10034): Output port "VGA_BLANK_N" at de1soc_top.sv(28) has no driver File: W:/ECE342/Lab2/Part3/de1soc_top.sv Line: 28
Warning (10034): Output port "VGA_CLK" at de1soc_top.sv(29) has no driver File: W:/ECE342/Lab2/Part3/de1soc_top.sv Line: 29
Warning (10034): Output port "VGA_HS" at de1soc_top.sv(31) has no driver File: W:/ECE342/Lab2/Part3/de1soc_top.sv Line: 31
Warning (10034): Output port "VGA_SYNC_N" at de1soc_top.sv(33) has no driver File: W:/ECE342/Lab2/Part3/de1soc_top.sv Line: 33
Warning (10034): Output port "VGA_VS" at de1soc_top.sv(35) has no driver File: W:/ECE342/Lab2/Part3/de1soc_top.sv Line: 35
Info (12128): Elaborating entity "wallaceTree8x8" for hierarchy "wallaceTree8x8:wallaceTreeMultiplier" File: W:/ECE342/Lab2/Part3/de1soc_top.sv Line: 55
Info (12128): Elaborating entity "fa" for hierarchy "wallaceTree8x8:wallaceTreeMultiplier|fa:level1FAs[0].L1_fa_1_inst" File: W:/ECE342/Lab2/Part3/wallaceTree8x8.sv Line: 45
Info (12128): Elaborating entity "CLA" for hierarchy "wallaceTree8x8:wallaceTreeMultiplier|CLA:CLA_inst" File: W:/ECE342/Lab2/Part3/wallaceTree8x8.sv Line: 155
Warning (12125): Using design file hex_decoder.sv, which is not specified as a design file for the current project, but contains definitions for 1 design units and 1 entities in project
    Info (12023): Found entity 1: hex_decoder File: W:/ECE342/Lab2/Part3/hex_decoder.sv Line: 1
Info (12128): Elaborating entity "hex_decoder" for hierarchy "hex_decoder:hexdec_0" File: W:/ECE342/Lab2/Part3/de1soc_top.sv Line: 62
Warning (13024): Output pins are stuck at VCC or GND
    Warning (13410): Pin "HEX4[0]" is stuck at VCC File: W:/ECE342/Lab2/Part3/de1soc_top.sv Line: 14
    Warning (13410): Pin "HEX4[1]" is stuck at VCC File: W:/ECE342/Lab2/Part3/de1soc_top.sv Line: 14
    Warning (13410): Pin "HEX4[2]" is stuck at VCC File: W:/ECE342/Lab2/Part3/de1soc_top.sv Line: 14
    Warning (13410): Pin "HEX4[3]" is stuck at VCC File: W:/ECE342/Lab2/Part3/de1soc_top.sv Line: 14
    Warning (13410): Pin "HEX4[4]" is stuck at VCC File: W:/ECE342/Lab2/Part3/de1soc_top.sv Line: 14
    Warning (13410): Pin "HEX4[5]" is stuck at VCC File: W:/ECE342/Lab2/Part3/de1soc_top.sv Line: 14
    Warning (13410): Pin "HEX4[6]" is stuck at VCC File: W:/ECE342/Lab2/Part3/de1soc_top.sv Line: 14
    Warning (13410): Pin "HEX5[0]" is stuck at VCC File: W:/ECE342/Lab2/Part3/de1soc_top.sv Line: 15
    Warning (13410): Pin "HEX5[1]" is stuck at VCC File: W:/ECE342/Lab2/Part3/de1soc_top.sv Line: 15
    Warning (13410): Pin "HEX5[2]" is stuck at VCC File: W:/ECE342/Lab2/Part3/de1soc_top.sv Line: 15
    Warning (13410): Pin "HEX5[3]" is stuck at VCC File: W:/ECE342/Lab2/Part3/de1soc_top.sv Line: 15
    Warning (13410): Pin "HEX5[4]" is stuck at VCC File: W:/ECE342/Lab2/Part3/de1soc_top.sv Line: 15
    Warning (13410): Pin "HEX5[5]" is stuck at VCC File: W:/ECE342/Lab2/Part3/de1soc_top.sv Line: 15
    Warning (13410): Pin "HEX5[6]" is stuck at VCC File: W:/ECE342/Lab2/Part3/de1soc_top.sv Line: 15
    Warning (13410): Pin "LEDR[0]" is stuck at GND File: W:/ECE342/Lab2/Part3/de1soc_top.sv Line: 21
    Warning (13410): Pin "LEDR[1]" is stuck at GND File: W:/ECE342/Lab2/Part3/de1soc_top.sv Line: 21
    Warning (13410): Pin "LEDR[2]" is stuck at GND File: W:/ECE342/Lab2/Part3/de1soc_top.sv Line: 21
    Warning (13410): Pin "LEDR[3]" is stuck at GND File: W:/ECE342/Lab2/Part3/de1soc_top.sv Line: 21
    Warning (13410): Pin "LEDR[4]" is stuck at GND File: W:/ECE342/Lab2/Part3/de1soc_top.sv Line: 21
    Warning (13410): Pin "LEDR[5]" is stuck at GND File: W:/ECE342/Lab2/Part3/de1soc_top.sv Line: 21
    Warning (13410): Pin "LEDR[6]" is stuck at GND File: W:/ECE342/Lab2/Part3/de1soc_top.sv Line: 21
    Warning (13410): Pin "LEDR[7]" is stuck at GND File: W:/ECE342/Lab2/Part3/de1soc_top.sv Line: 21
    Warning (13410): Pin "LEDR[8]" is stuck at GND File: W:/ECE342/Lab2/Part3/de1soc_top.sv Line: 21
    Warning (13410): Pin "LEDR[9]" is stuck at GND File: W:/ECE342/Lab2/Part3/de1soc_top.sv Line: 21
    Warning (13410): Pin "VGA_B[0]" is stuck at GND File: W:/ECE342/Lab2/Part3/de1soc_top.sv Line: 27
    Warning (13410): Pin "VGA_B[1]" is stuck at GND File: W:/ECE342/Lab2/Part3/de1soc_top.sv Line: 27
    Warning (13410): Pin "VGA_B[2]" is stuck at GND File: W:/ECE342/Lab2/Part3/de1soc_top.sv Line: 27
    Warning (13410): Pin "VGA_B[3]" is stuck at GND File: W:/ECE342/Lab2/Part3/de1soc_top.sv Line: 27
    Warning (13410): Pin "VGA_B[4]" is stuck at GND File: W:/ECE342/Lab2/Part3/de1soc_top.sv Line: 27
    Warning (13410): Pin "VGA_B[5]" is stuck at GND File: W:/ECE342/Lab2/Part3/de1soc_top.sv Line: 27
    Warning (13410): Pin "VGA_B[6]" is stuck at GND File: W:/ECE342/Lab2/Part3/de1soc_top.sv Line: 27
    Warning (13410): Pin "VGA_B[7]" is stuck at GND File: W:/ECE342/Lab2/Part3/de1soc_top.sv Line: 27
    Warning (13410): Pin "VGA_BLANK_N" is stuck at GND File: W:/ECE342/Lab2/Part3/de1soc_top.sv Line: 28
    Warning (13410): Pin "VGA_CLK" is stuck at GND File: W:/ECE342/Lab2/Part3/de1soc_top.sv Line: 29
    Warning (13410): Pin "VGA_G[0]" is stuck at GND File: W:/ECE342/Lab2/Part3/de1soc_top.sv Line: 30
    Warning (13410): Pin "VGA_G[1]" is stuck at GND File: W:/ECE342/Lab2/Part3/de1soc_top.sv Line: 30
    Warning (13410): Pin "VGA_G[2]" is stuck at GND File: W:/ECE342/Lab2/Part3/de1soc_top.sv Line: 30
    Warning (13410): Pin "VGA_G[3]" is stuck at GND File: W:/ECE342/Lab2/Part3/de1soc_top.sv Line: 30
    Warning (13410): Pin "VGA_G[4]" is stuck at GND File: W:/ECE342/Lab2/Part3/de1soc_top.sv Line: 30
    Warning (13410): Pin "VGA_G[5]" is stuck at GND File: W:/ECE342/Lab2/Part3/de1soc_top.sv Line: 30
    Warning (13410): Pin "VGA_G[6]" is stuck at GND File: W:/ECE342/Lab2/Part3/de1soc_top.sv Line: 30
    Warning (13410): Pin "VGA_G[7]" is stuck at GND File: W:/ECE342/Lab2/Part3/de1soc_top.sv Line: 30
    Warning (13410): Pin "VGA_HS" is stuck at GND File: W:/ECE342/Lab2/Part3/de1soc_top.sv Line: 31
    Warning (13410): Pin "VGA_R[0]" is stuck at GND File: W:/ECE342/Lab2/Part3/de1soc_top.sv Line: 32
    Warning (13410): Pin "VGA_R[1]" is stuck at GND File: W:/ECE342/Lab2/Part3/de1soc_top.sv Line: 32
    Warning (13410): Pin "VGA_R[2]" is stuck at GND File: W:/ECE342/Lab2/Part3/de1soc_top.sv Line: 32
    Warning (13410): Pin "VGA_R[3]" is stuck at GND File: W:/ECE342/Lab2/Part3/de1soc_top.sv Line: 32
    Warning (13410): Pin "VGA_R[4]" is stuck at GND File: W:/ECE342/Lab2/Part3/de1soc_top.sv Line: 32
    Warning (13410): Pin "VGA_R[5]" is stuck at GND File: W:/ECE342/Lab2/Part3/de1soc_top.sv Line: 32
    Warning (13410): Pin "VGA_R[6]" is stuck at GND File: W:/ECE342/Lab2/Part3/de1soc_top.sv Line: 32
    Warning (13410): Pin "VGA_R[7]" is stuck at GND File: W:/ECE342/Lab2/Part3/de1soc_top.sv Line: 32
    Warning (13410): Pin "VGA_SYNC_N" is stuck at GND File: W:/ECE342/Lab2/Part3/de1soc_top.sv Line: 33
    Warning (13410): Pin "VGA_VS" is stuck at GND File: W:/ECE342/Lab2/Part3/de1soc_top.sv Line: 35
Info (286030): Timing-Driven Synthesis is running
Info (16010): Generating hard_block partition "hard_block:auto_generated_inst"
    Info (16011): Adding 0 node(s), including 0 DDIO, 0 PLL, 0 transceiver and 0 LCELL
Warning (21074): Design contains 5 input pin(s) that do not drive logic
    Warning (15610): No output dependent on input pin "KEY[0]" File: W:/ECE342/Lab2/Part3/de1soc_top.sv Line: 18
    Warning (15610): No output dependent on input pin "KEY[1]" File: W:/ECE342/Lab2/Part3/de1soc_top.sv Line: 18
    Warning (15610): No output dependent on input pin "KEY[2]" File: W:/ECE342/Lab2/Part3/de1soc_top.sv Line: 18
    Warning (15610): No output dependent on input pin "KEY[3]" File: W:/ECE342/Lab2/Part3/de1soc_top.sv Line: 18
    Warning (15610): No output dependent on input pin "SW[8]" File: W:/ECE342/Lab2/Part3/de1soc_top.sv Line: 24
Info (21057): Implemented 250 device resources after synthesis - the final resource count might be different
    Info (21058): Implemented 15 input pins
    Info (21059): Implemented 81 output pins
    Info (21061): Implemented 154 logic cells
Info: Quartus Prime Analysis & Synthesis was successful. 0 errors, 71 warnings
    Info: Peak virtual memory: 713 megabytes
    Info: Processing ended: Sun Jan 26 16:17:25 2020
    Info: Elapsed time: 00:00:18
    Info: Total CPU time (on all processors): 00:00:24


